<?xml version="1.0" encoding="UTF-8"?>
<!-- Generated by org.testng.reporters.JUnitXMLReporter -->
<testsuite ignored="2" hostname="DESKTOP-NIU96MO" failures="0" tests="2" name="Default test" time="11.547" errors="0" timestamp="2024-06-27T17:12:18 EET">
  <testcase classname="lesson9.lesson9" name="Login" time="0.682"/>
  <testcase classname="lesson9.lesson9" name="findLabs" time="0.22"/>
  <testcase classname="lesson9.lesson9" name="addItems" time="0.0">
    <ignored/>
  </testcase> <!-- addItems -->
  <testcase classname="lesson9.lesson9" name="addOneItems" time="0.0">
    <ignored/>
  </testcase> <!-- addOneItems -->
</testsuite> <!-- Default test -->
