<?xml version="1.0" encoding="UTF-8"?>
<testng-results ignored="2" total="4" passed="2" failed="0" skipped="0">
  <reporter-output>
  </reporter-output>
  <suite started-at="2024-06-27T17:12:06 EET" name="Default suite" finished-at="2024-06-27T17:12:18 EET" duration-ms="11547">
    <groups>
    </groups>
    <test started-at="2024-06-27T17:12:06 EET" name="Default test" finished-at="2024-06-27T17:12:18 EET" duration-ms="11547">
      <class name="lesson9.lesson9">
        <test-method is-config="true" signature="Mysetup()[pri:0, instance:lesson9.lesson9@3b00856b]" started-at="2024-06-27T17:12:06 EET" name="Mysetup" finished-at="2024-06-27T17:12:17 EET" duration-ms="10549" status="PASS">
          <reporter-output>
          </reporter-output>
        </test-method> <!-- Mysetup -->
        <test-method signature="Login()[pri:1, instance:lesson9.lesson9@3b00856b]" started-at="2024-06-27T17:12:17 EET" name="Login" finished-at="2024-06-27T17:12:17 EET" duration-ms="682" status="PASS">
          <reporter-output>
          </reporter-output>
        </test-method> <!-- Login -->
        <test-method signature="findLabs()[pri:4, instance:lesson9.lesson9@3b00856b]" started-at="2024-06-27T17:12:17 EET" name="findLabs" finished-at="2024-06-27T17:12:18 EET" duration-ms="220" status="PASS">
          <reporter-output>
          </reporter-output>
        </test-method> <!-- findLabs -->
      </class> <!-- lesson9.lesson9 -->
    </test> <!-- Default test -->
  </suite> <!-- Default suite -->
</testng-results>
