<?xml version="1.0" encoding="UTF-8"?>
<testng-results ignored="2" total="4" passed="2" failed="0" skipped="0">
  <reporter-output>
  </reporter-output>
  <suite started-at="2024-07-14T16:44:30 EET" name="Default suite" finished-at="2024-07-14T16:44:33 EET" duration-ms="3076">
    <groups>
    </groups>
    <test started-at="2024-07-14T16:44:30 EET" name="Default test" finished-at="2024-07-14T16:44:33 EET" duration-ms="3076">
      <class name="lesson9.lesson9">
        <test-method is-config="true" signature="Mysetup()[pri:0, instance:lesson9.lesson9@3016fd5e]" started-at="2024-07-14T16:44:30 EET" name="Mysetup" finished-at="2024-07-14T16:44:32 EET" duration-ms="2414" status="PASS">
          <reporter-output>
          </reporter-output>
        </test-method> <!-- Mysetup -->
        <test-method signature="Login()[pri:1, instance:lesson9.lesson9@3016fd5e]" started-at="2024-07-14T16:44:32 EET" name="Login" finished-at="2024-07-14T16:44:33 EET" duration-ms="437" status="PASS">
          <reporter-output>
          </reporter-output>
        </test-method> <!-- Login -->
        <test-method signature="findLabs()[pri:4, instance:lesson9.lesson9@3016fd5e]" started-at="2024-07-14T16:44:33 EET" name="findLabs" finished-at="2024-07-14T16:44:33 EET" duration-ms="137" status="PASS">
          <reporter-output>
          </reporter-output>
        </test-method> <!-- findLabs -->
      </class> <!-- lesson9.lesson9 -->
    </test> <!-- Default test -->
  </suite> <!-- Default suite -->
</testng-results>
